<?xml version="1.0" encoding="UTF-8"?>
<testsuite name="com.example.kotlindemo.ExampleUnitTest" tests="1" skipped="0" failures="0" errors="0" timestamp="2022-08-14T10:23:06" hostname="DESKTOP-2HS4OB0" time="0.002">
  <properties/>
  <testcase name="addition_isCorrect" classname="com.example.kotlindemo.ExampleUnitTest" time="0.002"/>
  <system-out><![CDATA[]]></system-out>
  <system-err><![CDATA[]]></system-err>
</testsuite>
